<?xml version="1.0" encoding="UTF-8"?>
<testng-results skipped="0" failed="1" ignored="0" total="1" passed="0">
  <reporter-output>
  </reporter-output>
  <suite name="Default suite" duration-ms="153" started-at="2021-01-13T08:33:33Z" finished-at="2021-01-13T08:33:33Z">
    <groups>
      <group name="cucumber">
        <method signature="AbstractTestNGCucumberTests.run_cukes()[pri:0, instance:testRunner.Workflow2_Runner@7b993c65]" name="run_cukes" class="cucumber.api.testng.AbstractTestNGCucumberTests"/>
      </group> <!-- cucumber -->
    </groups>
    <test name="Default test" duration-ms="153" started-at="2021-01-13T08:33:33Z" finished-at="2021-01-13T08:33:33Z">
      <class name="testRunner.Workflow2_Runner">
        <test-method status="FAIL" signature="run_cukes()[pri:0, instance:testRunner.Workflow2_Runner@7b993c65]" name="run_cukes" duration-ms="118" started-at="2021-01-13T08:33:33Z" description="Runs Cucumber Features" finished-at="2021-01-13T08:33:33Z">
          <exception class="java.lang.IllegalArgumentException">
            <message>
              <![CDATA[Not a file or directory: C:\Users\coolp\git\repository2\Testbook_Maven\FeatureFiles\02BillingAndPayment\2_BuyPass.feature]]>
            </message>
            <full-stacktrace>
              <![CDATA[java.lang.IllegalArgumentException: Not a file or directory: C:\Users\coolp\git\repository2\Testbook_Maven\FeatureFiles\02BillingAndPayment\2_BuyPass.feature
at cucumber.runtime.io.FileResourceIterator$FileIterator.<init>(FileResourceIterator.java:54)
at cucumber.runtime.io.FileResourceIterator.<init>(FileResourceIterator.java:20)
at cucumber.runtime.io.FileResourceIterable.iterator(FileResourceIterable.java:19)
at cucumber.runtime.model.CucumberFeature.load(CucumberFeature.java:51)
at cucumber.runtime.model.CucumberFeature.load(CucumberFeature.java:33)
at cucumber.runtime.RuntimeOptions.cucumberFeatures(RuntimeOptions.java:143)
at cucumber.runtime.Runtime.run(Runtime.java:107)
at cucumber.api.testng.AbstractTestNGCucumberTests.run_cukes(AbstractTestNGCucumberTests.java:38)
at sun.reflect.NativeMethodAccessorImpl.invoke0(Native Method)
at sun.reflect.NativeMethodAccessorImpl.invoke(Unknown Source)
at sun.reflect.DelegatingMethodAccessorImpl.invoke(Unknown Source)
at java.lang.reflect.Method.invoke(Unknown Source)
at org.testng.internal.MethodInvocationHelper.invokeMethod(MethodInvocationHelper.java:124)
at org.testng.internal.MethodInvocationHelper$1.runTestMethod(MethodInvocationHelper.java:230)
at cucumber.api.testng.AbstractTestNGCucumberTests.run(AbstractTestNGCucumberTests.java:47)
at org.testng.internal.MethodInvocationHelper.invokeHookable(MethodInvocationHelper.java:242)
at org.testng.internal.Invoker.invokeMethod(Invoker.java:579)
at org.testng.internal.Invoker.invokeTestMethod(Invoker.java:719)
at org.testng.internal.Invoker.invokeTestMethods(Invoker.java:989)
at org.testng.internal.TestMethodWorker.invokeTestMethods(TestMethodWorker.java:125)
at org.testng.internal.TestMethodWorker.run(TestMethodWorker.java:109)
at org.testng.TestRunner.privateRun(TestRunner.java:648)
at org.testng.TestRunner.run(TestRunner.java:505)
at org.testng.SuiteRunner.runTest(SuiteRunner.java:455)
at org.testng.SuiteRunner.runSequentially(SuiteRunner.java:450)
at org.testng.SuiteRunner.privateRun(SuiteRunner.java:415)
at org.testng.SuiteRunner.run(SuiteRunner.java:364)
at org.testng.SuiteRunnerWorker.runSuite(SuiteRunnerWorker.java:52)
at org.testng.SuiteRunnerWorker.run(SuiteRunnerWorker.java:84)
at org.testng.TestNG.runSuitesSequentially(TestNG.java:1208)
at org.testng.TestNG.runSuitesLocally(TestNG.java:1137)
at org.testng.TestNG.runSuites(TestNG.java:1049)
at org.testng.TestNG.run(TestNG.java:1017)
at org.testng.remote.AbstractRemoteTestNG.run(AbstractRemoteTestNG.java:115)
at org.testng.remote.RemoteTestNG.initAndRun(RemoteTestNG.java:251)
at org.testng.remote.RemoteTestNG.main(RemoteTestNG.java:77)
]]>
            </full-stacktrace>
          </exception> <!-- java.lang.IllegalArgumentException -->
          <reporter-output>
          </reporter-output>
        </test-method> <!-- run_cukes -->
      </class> <!-- testRunner.Workflow2_Runner -->
    </test> <!-- Default test -->
  </suite> <!-- Default suite -->
</testng-results>
