<?xml version="1.0" encoding="UTF-8"?>
<testng-results skipped="0" failed="1" ignored="0" total="1" passed="0">
  <reporter-output>
    <line>
      <![CDATA[<div "featureFile">Feature File: FeatureFiles&#x2F;01Login&#x2F;Login_Email.feature</div>]]>
    </line>
    <line>
      <![CDATA[<div "feature">Feature: Login using Email</div>]]>
    </line>
    <line>
      <![CDATA[<div "scenario">Scenario: Testbook Page</div>]]>
    </line>
    <line>
      <![CDATA[<div "result">Given  user is on testbook site (passed : 3s)</div>]]>
    </line>
    <line>
      <![CDATA[<div "result">Then  user clicks on login button (passed : 17s)</div>]]>
    </line>
    <line>
      <![CDATA[<div "scenarioOutline">Scenario Outline: Valid email login</div>]]>
    </line>
    <line>
      <![CDATA[<div "scenario">Scenario Outline: Valid email login</div>]]>
    </line>
    <line>
      <![CDATA[<div "result">When  user enters valid &lt;email&gt; valid &lt;password&gt; clicks login (passed : 4s)</div>]]>
    </line>
    <line>
      <![CDATA[<div "result">Then  user is  redirected to homepage (passed : 3s)</div>]]>
    </line>
    <line>
      <![CDATA[<div "featureFile">Feature File: FeatureFiles&#x2F;04LiveClasses&#x2F;ClassDisplay.feature</div>]]>
    </line>
    <line>
      <![CDATA[<div "feature">Feature: Available live classes</div>]]>
    </line>
    <line>
      <![CDATA[<div "scenario">Scenario: Display live classes</div>]]>
    </line>
    <line>
      <![CDATA[<div "result">When  user enters valid ps242215@gmail.com valid Mprachi@22 clicks login (passed : 6s)</div>]]>
    </line>
    <line>
      <![CDATA[<div "result">Then  user is  redirected to homepage (passed : 1s)</div>]]>
    </line>
    <line>
      <![CDATA[<div "result">Given  user clicks on Live Classes Tab (failed : 10s)</div>]]>
    </line>
  </reporter-output>
  <suite name="Default suite" duration-ms="52404" started-at="2021-01-13T05:37:00Z" finished-at="2021-01-13T05:37:52Z">
    <groups>
      <group name="cucumber">
        <method signature="AbstractTestNGCucumberTests.run_cukes()[pri:0, instance:testRunner.Workflow4_Runner@23202fce]" name="run_cukes" class="cucumber.api.testng.AbstractTestNGCucumberTests"/>
      </group> <!-- cucumber -->
    </groups>
    <test name="Default test" duration-ms="52404" started-at="2021-01-13T05:37:00Z" finished-at="2021-01-13T05:37:52Z">
      <class name="testRunner.Workflow4_Runner">
        <test-method status="FAIL" signature="run_cukes()[pri:0, instance:testRunner.Workflow4_Runner@23202fce]" name="run_cukes" duration-ms="52374" started-at="2021-01-13T05:37:00Z" description="Runs Cucumber Features" finished-at="2021-01-13T05:37:52Z">
          <exception class="cucumber.runtime.CucumberException">
            <message>
              <![CDATA[org.openqa.selenium.NoSuchElementException: no such element: Unable to locate element: {"method":"xpath","selector":"//div[contains(text(),'SSC Result Dates Out')]"}
  (Session info: chrome=87.0.4280.141)
For documentation on this error, please visit: https://www.seleniumhq.org/exceptions/no_such_element.html
Build info: version: '3.141.59', revision: 'e82be7d358', time: '2018-11-14T08:17:03'
System info: host: 'LAPTOP-006A7428', ip: '192.168.29.6', os.name: 'Windows 10', os.arch: 'amd64', os.version: '10.0', java.version: '1.8.0_271'
Driver info: org.openqa.selenium.chrome.ChromeDriver
Capabilities {acceptInsecureCerts: false, browserName: chrome, browserVersion: 87.0.4280.141, chrome: {chromedriverVersion: 87.0.4280.20 (c99e81631faa0..., userDataDir: C:\Users\coolp\AppData\Loca...}, goog:chromeOptions: {debuggerAddress: localhost:60252}, javascriptEnabled: true, networkConnectionEnabled: false, pageLoadStrategy: normal, platform: WINDOWS, platformName: WINDOWS, proxy: Proxy(), setWindowRect: true, strictFileInteractability: false, timeouts: {implicit: 0, pageLoad: 300000, script: 30000}, unhandledPromptBehavior: dismiss and notify, webauthn:virtualAuthenticators: true}
Session ID: 541e1a2c1b32ddd70af6d045b43ca919
*** Element info: {Using=xpath, value=//div[contains(text(),'SSC Result Dates Out')]}]]>
            </message>
            <full-stacktrace>
              <![CDATA[cucumber.runtime.CucumberException: org.openqa.selenium.NoSuchElementException: no such element: Unable to locate element: {"method":"xpath","selector":"//div[contains(text(),'SSC Result Dates Out')]"}
  (Session info: chrome=87.0.4280.141)
For documentation on this error, please visit: https://www.seleniumhq.org/exceptions/no_such_element.html
Build info: version: '3.141.59', revision: 'e82be7d358', time: '2018-11-14T08:17:03'
System info: host: 'LAPTOP-006A7428', ip: '192.168.29.6', os.name: 'Windows 10', os.arch: 'amd64', os.version: '10.0', java.version: '1.8.0_271'
Driver info: org.openqa.selenium.chrome.ChromeDriver
Capabilities {acceptInsecureCerts: false, browserName: chrome, browserVersion: 87.0.4280.141, chrome: {chromedriverVersion: 87.0.4280.20 (c99e81631faa0..., userDataDir: C:\Users\coolp\AppData\Loca...}, goog:chromeOptions: {debuggerAddress: localhost:60252}, javascriptEnabled: true, networkConnectionEnabled: false, pageLoadStrategy: normal, platform: WINDOWS, platformName: WINDOWS, proxy: Proxy(), setWindowRect: true, strictFileInteractability: false, timeouts: {implicit: 0, pageLoad: 300000, script: 30000}, unhandledPromptBehavior: dismiss and notify, webauthn:virtualAuthenticators: true}
Session ID: 541e1a2c1b32ddd70af6d045b43ca919
*** Element info: {Using=xpath, value=//div[contains(text(),'SSC Result Dates Out')]}
at cucumber.api.testng.AbstractTestNGCucumberTests.run_cukes(AbstractTestNGCucumberTests.java:41)
at sun.reflect.NativeMethodAccessorImpl.invoke0(Native Method)
at sun.reflect.NativeMethodAccessorImpl.invoke(Unknown Source)
at sun.reflect.DelegatingMethodAccessorImpl.invoke(Unknown Source)
at java.lang.reflect.Method.invoke(Unknown Source)
at org.testng.internal.MethodInvocationHelper.invokeMethod(MethodInvocationHelper.java:124)
at org.testng.internal.MethodInvocationHelper$1.runTestMethod(MethodInvocationHelper.java:230)
at cucumber.api.testng.AbstractTestNGCucumberTests.run(AbstractTestNGCucumberTests.java:47)
at org.testng.internal.MethodInvocationHelper.invokeHookable(MethodInvocationHelper.java:242)
at org.testng.internal.Invoker.invokeMethod(Invoker.java:579)
at org.testng.internal.Invoker.invokeTestMethod(Invoker.java:719)
at org.testng.internal.Invoker.invokeTestMethods(Invoker.java:989)
at org.testng.internal.TestMethodWorker.invokeTestMethods(TestMethodWorker.java:125)
at org.testng.internal.TestMethodWorker.run(TestMethodWorker.java:109)
at org.testng.TestRunner.privateRun(TestRunner.java:648)
at org.testng.TestRunner.run(TestRunner.java:505)
at org.testng.SuiteRunner.runTest(SuiteRunner.java:455)
at org.testng.SuiteRunner.runSequentially(SuiteRunner.java:450)
at org.testng.SuiteRunner.privateRun(SuiteRunner.java:415)
at org.testng.SuiteRunner.run(SuiteRunner.java:364)
at org.testng.SuiteRunnerWorker.runSuite(SuiteRunnerWorker.java:52)
at org.testng.SuiteRunnerWorker.run(SuiteRunnerWorker.java:84)
at org.testng.TestNG.runSuitesSequentially(TestNG.java:1208)
at org.testng.TestNG.runSuitesLocally(TestNG.java:1137)
at org.testng.TestNG.runSuites(TestNG.java:1049)
at org.testng.TestNG.run(TestNG.java:1017)
at org.testng.remote.AbstractRemoteTestNG.run(AbstractRemoteTestNG.java:115)
at org.testng.remote.RemoteTestNG.initAndRun(RemoteTestNG.java:251)
at org.testng.remote.RemoteTestNG.main(RemoteTestNG.java:77)
Caused by: org.openqa.selenium.NoSuchElementException: no such element: Unable to locate element: {"method":"xpath","selector":"//div[contains(text(),'SSC Result Dates Out')]"}
  (Session info: chrome=87.0.4280.141)
For documentation on this error, please visit: https://www.seleniumhq.org/exceptions/no_such_element.html
Build info: version: '3.141.59', revision: 'e82be7d358', time: '2018-11-14T08:17:03'
System info: host: 'LAPTOP-006A7428', ip: '192.168.29.6', os.name: 'Windows 10', os.arch: 'amd64', os.version: '10.0', java.version: '1.8.0_271'
Driver info: org.openqa.selenium.chrome.ChromeDriver
Capabilities {acceptInsecureCerts: false, browserName: chrome, browserVersion: 87.0.4280.141, chrome: {chromedriverVersion: 87.0.4280.20 (c99e81631faa0..., userDataDir: C:\Users\coolp\AppData\Loca...}, goog:chromeOptions: {debuggerAddress: localhost:60252}, javascriptEnabled: true, networkConnectionEnabled: false, pageLoadStrategy: normal, platform: WINDOWS, platformName: WINDOWS, proxy: Proxy(), setWindowRect: true, strictFileInteractability: false, timeouts: {implicit: 0, pageLoad: 300000, script: 30000}, unhandledPromptBehavior: dismiss and notify, webauthn:virtualAuthenticators: true}
Session ID: 541e1a2c1b32ddd70af6d045b43ca919
*** Element info: {Using=xpath, value=//div[contains(text(),'SSC Result Dates Out')]}
at sun.reflect.NativeConstructorAccessorImpl.newInstance0(Native Method)
at sun.reflect.NativeConstructorAccessorImpl.newInstance(Unknown Source)
at sun.reflect.DelegatingConstructorAccessorImpl.newInstance(Unknown Source)
at java.lang.reflect.Constructor.newInstance(Unknown Source)
at org.openqa.selenium.remote.http.W3CHttpResponseCodec.createException(W3CHttpResponseCodec.java:187)
at org.openqa.selenium.remote.http.W3CHttpResponseCodec.decode(W3CHttpResponseCodec.java:122)
at org.openqa.selenium.remote.http.W3CHttpResponseCodec.decode(W3CHttpResponseCodec.java:49)
at org.openqa.selenium.remote.HttpCommandExecutor.execute(HttpCommandExecutor.java:158)
at org.openqa.selenium.remote.service.DriverCommandExecutor.execute(DriverCommandExecutor.java:83)
at org.openqa.selenium.remote.RemoteWebDriver.execute(RemoteWebDriver.java:552)
at org.openqa.selenium.remote.RemoteWebDriver.findElement(RemoteWebDriver.java:323)
at org.openqa.selenium.remote.RemoteWebDriver.findElementByXPath(RemoteWebDriver.java:428)
at org.openqa.selenium.By$ByXPath.findElement(By.java:353)
at org.openqa.selenium.remote.RemoteWebDriver.findElement(RemoteWebDriver.java:315)
at org.openqa.selenium.support.pagefactory.DefaultElementLocator.findElement(DefaultElementLocator.java:69)
at org.openqa.selenium.support.pagefactory.internal.LocatingElementHandler.invoke(LocatingElementHandler.java:38)
at com.sun.proxy.$Proxy17.getText(Unknown Source)
at pages.LiveClasses.check_redirection(LiveClasses.java:46)
at stepDefinition.LiveClassesSteps.live_video_is_displayed(LiveClassesSteps.java:27)
at âœ½.Then live video is displayed(FeatureFiles/04LiveClasses/ClassDisplay.feature:8)
]]>
            </full-stacktrace>
          </exception> <!-- cucumber.runtime.CucumberException -->
          <reporter-output>
            <line>
              <![CDATA[<div "featureFile">Feature File: FeatureFiles&#x2F;01Login&#x2F;Login_Email.feature</div>]]>
            </line>
            <line>
              <![CDATA[<div "feature">Feature: Login using Email</div>]]>
            </line>
            <line>
              <![CDATA[<div "scenario">Scenario: Testbook Page</div>]]>
            </line>
            <line>
              <![CDATA[<div "result">Given  user is on testbook site (passed : 3s)</div>]]>
            </line>
            <line>
              <![CDATA[<div "result">Then  user clicks on login button (passed : 17s)</div>]]>
            </line>
            <line>
              <![CDATA[<div "scenarioOutline">Scenario Outline: Valid email login</div>]]>
            </line>
            <line>
              <![CDATA[<div "scenario">Scenario Outline: Valid email login</div>]]>
            </line>
            <line>
              <![CDATA[<div "result">When  user enters valid &lt;email&gt; valid &lt;password&gt; clicks login (passed : 4s)</div>]]>
            </line>
            <line>
              <![CDATA[<div "result">Then  user is  redirected to homepage (passed : 3s)</div>]]>
            </line>
            <line>
              <![CDATA[<div "featureFile">Feature File: FeatureFiles&#x2F;04LiveClasses&#x2F;ClassDisplay.feature</div>]]>
            </line>
            <line>
              <![CDATA[<div "feature">Feature: Available live classes</div>]]>
            </line>
            <line>
              <![CDATA[<div "scenario">Scenario: Display live classes</div>]]>
            </line>
            <line>
              <![CDATA[<div "result">When  user enters valid ps242215@gmail.com valid Mprachi@22 clicks login (passed : 6s)</div>]]>
            </line>
            <line>
              <![CDATA[<div "result">Then  user is  redirected to homepage (passed : 1s)</div>]]>
            </line>
            <line>
              <![CDATA[<div "result">Given  user clicks on Live Classes Tab (failed : 10s)</div>]]>
            </line>
          </reporter-output>
        </test-method> <!-- run_cukes -->
      </class> <!-- testRunner.Workflow4_Runner -->
    </test> <!-- Default test -->
  </suite> <!-- Default suite -->
</testng-results>
